This file contains any messages produced by compilers while
running configure, to aid debugging if configure makes a mistake.

It was created by ergo configure 0.1, which was
generated by GNU Autoconf 2.69.  Invocation command line was

  $ ./configure --build=arm-linux-gnueabihf --prefix=/usr --includedir=${prefix}/include --mandir=${prefix}/share/man --infodir=${prefix}/share/info --sysconfdir=/etc --localstatedir=/var --libexecdir=${prefix}/lib/ergo --disable-maintainer-mode --disable-dependency-tracking

## --------- ##
## Platform. ##
## --------- ##

hostname = raspberry-pi
uname -m = armv6l
uname -r = 3.6.11+
uname -s = Linux
uname -v = #545 PREEMPT Fri Sep 20 23:57:55 BST 2013

/usr/bin/uname -p = unknown
/bin/uname -X     = unknown

/bin/arch              = unknown
/usr/bin/arch -k       = unknown
/usr/convex/getsysinfo = unknown
/usr/bin/hostinfo      = unknown
/bin/machine           = unknown
/usr/bin/oslevel       = unknown
/bin/universe          = unknown

PATH: /usr/local/sbin
PATH: /usr/local/bin
PATH: /usr/sbin
PATH: /usr/bin
PATH: /sbin
PATH: /bin


## ----------- ##
## Core tests. ##
## ----------- ##

configure:2364: checking for a BSD-compatible install
configure:2432: result: /usr/bin/install -c
configure:2443: checking whether build environment is sane
configure:2493: result: yes
configure:2634: checking for a thread-safe mkdir -p
configure:2673: result: /bin/mkdir -p
configure:2686: checking for gawk
configure:2702: found /usr/bin/gawk
configure:2713: result: gawk
configure:2724: checking whether make sets $(MAKE)
configure:2746: result: yes
configure:2895: checking for g++
configure:2911: found /usr/bin/g++
configure:2922: result: g++
configure:2949: checking for C++ compiler version
configure:2958: g++ --version >&5
g++ (Raspbian 4.8.3-5) 4.8.3
Copyright (C) 2013 Free Software Foundation, Inc.
This is free software; see the source for copying conditions.  There is NO
warranty; not even for MERCHANTABILITY or FITNESS FOR A PARTICULAR PURPOSE.

configure:2969: $? = 0
configure:2958: g++ -v >&5
Using built-in specs.
COLLECT_GCC=g++
COLLECT_LTO_WRAPPER=/usr/lib/gcc/arm-linux-gnueabihf/4.8/lto-wrapper
Target: arm-linux-gnueabihf
Configured with: ../src/configure -v --with-pkgversion='Raspbian 4.8.3-5' --with-bugurl=file:///usr/share/doc/gcc-4.8/README.Bugs --enable-languages=c,c++,java,go,d,fortran,objc,obj-c++ --prefix=/usr --program-suffix=-4.8 --enable-shared --enable-linker-build-id --libexecdir=/usr/lib --without-included-gettext --enable-threads=posix --with-gxx-include-dir=/usr/include/c++/4.8 --libdir=/usr/lib --enable-nls --with-sysroot=/ --enable-clocale=gnu --enable-libstdcxx-debug --enable-libstdcxx-time=yes --enable-gnu-unique-object --disable-libmudflap --disable-libitm --disable-libquadmath --enable-plugin --with-system-zlib --disable-browser-plugin --enable-java-awt=gtk --enable-gtk-cairo --with-java-home=/usr/lib/jvm/java-1.5.0-gcj-4.8-armhf/jre --enable-java-home --with-jvm-root-dir=/usr/lib/jvm/java-1.5.0-gcj-4.8-armhf --with-jvm-jar-dir=/usr/lib/jvm-exports/java-1.5.0-gcj-4.8-armhf --with-arch-directory=arm --with-ecj-jar=/usr/share/java/eclipse-ecj.jar --enable-objc-gc --enable-multiarch --disable-sjlj-exceptions --with-arch=armv6 --with-fpu=vfp --with-float=hard --enable-checking=release --build=arm-linux-gnueabihf --host=arm-linux-gnueabihf --target=arm-linux-gnueabihf
Thread model: posix
gcc version 4.8.3 (Raspbian 4.8.3-5) 
configure:2969: $? = 0
configure:2958: g++ -V >&5
g++: error: unrecognized command line option '-V'
g++: fatal error: no input files
compilation terminated.
configure:2969: $? = 4
configure:2958: g++ -qversion >&5
g++: error: unrecognized command line option '-qversion'
g++: fatal error: no input files
compilation terminated.
configure:2969: $? = 4
configure:2989: checking whether the C++ compiler works
configure:3011: g++    conftest.cpp  >&5
configure:3015: $? = 0
configure:3063: result: yes
configure:3066: checking for C++ compiler default output file name
configure:3068: result: a.out
configure:3074: checking for suffix of executables
configure:3081: g++ -o conftest    conftest.cpp  >&5
configure:3085: $? = 0
configure:3107: result: 
configure:3129: checking whether we are cross compiling
configure:3137: g++ -o conftest    conftest.cpp  >&5
configure:3141: $? = 0
configure:3148: ./conftest
configure:3152: $? = 0
configure:3167: result: no
configure:3172: checking for suffix of object files
configure:3194: g++ -c   conftest.cpp >&5
configure:3198: $? = 0
configure:3219: result: o
configure:3223: checking whether we are using the GNU C++ compiler
configure:3242: g++ -c   conftest.cpp >&5
configure:3242: $? = 0
configure:3251: result: yes
configure:3260: checking whether g++ accepts -g
configure:3280: g++ -c -g  conftest.cpp >&5
configure:3280: $? = 0
configure:3321: result: yes
configure:3355: checking for style of include used by make
configure:3383: result: GNU
configure:3409: checking dependency style of g++
configure:3520: result: none
configure:3546: checking how to run the C++ preprocessor
configure:3573: g++ -E  conftest.cpp
configure:3573: $? = 0
configure:3587: g++ -E  conftest.cpp
conftest.cpp:11:28: fatal error: ac_nonexistent.h: No such file or directory
 #include <ac_nonexistent.h>
                            ^
compilation terminated.
configure:3587: $? = 1
configure: failed program was:
| /* confdefs.h */
| #define PACKAGE_NAME "ergo"
| #define PACKAGE_TARNAME "ergo"
| #define PACKAGE_VERSION "0.1"
| #define PACKAGE_STRING "ergo 0.1"
| #define PACKAGE_BUGREPORT "matthew.d.weger@gmail.com"
| #define PACKAGE_URL ""
| #define PACKAGE "ergo"
| #define VERSION "0.1"
| /* end confdefs.h.  */
| #include <ac_nonexistent.h>
configure:3612: result: g++ -E
configure:3632: g++ -E  conftest.cpp
configure:3632: $? = 0
configure:3646: g++ -E  conftest.cpp
conftest.cpp:11:28: fatal error: ac_nonexistent.h: No such file or directory
 #include <ac_nonexistent.h>
                            ^
compilation terminated.
configure:3646: $? = 1
configure: failed program was:
| /* confdefs.h */
| #define PACKAGE_NAME "ergo"
| #define PACKAGE_TARNAME "ergo"
| #define PACKAGE_VERSION "0.1"
| #define PACKAGE_STRING "ergo 0.1"
| #define PACKAGE_BUGREPORT "matthew.d.weger@gmail.com"
| #define PACKAGE_URL ""
| #define PACKAGE "ergo"
| #define VERSION "0.1"
| /* end confdefs.h.  */
| #include <ac_nonexistent.h>
configure:3675: checking for grep that handles long lines and -e
configure:3733: result: /bin/grep
configure:3738: checking for egrep
configure:3800: result: /bin/grep -E
configure:3805: checking for ANSI C header files
configure:3825: g++ -c -g -O2 -std=c++0x  conftest.cpp >&5
configure:3825: $? = 0
configure:3898: g++ -o conftest -g -O2 -std=c++0x   conftest.cpp  >&5
configure:3898: $? = 0
configure:3898: ./conftest
configure:3898: $? = 0
configure:3909: result: yes
configure:3922: checking for sys/types.h
configure:3922: g++ -c -g -O2 -std=c++0x  conftest.cpp >&5
configure:3922: $? = 0
configure:3922: result: yes
configure:3922: checking for sys/stat.h
configure:3922: g++ -c -g -O2 -std=c++0x  conftest.cpp >&5
configure:3922: $? = 0
configure:3922: result: yes
configure:3922: checking for stdlib.h
configure:3922: g++ -c -g -O2 -std=c++0x  conftest.cpp >&5
configure:3922: $? = 0
configure:3922: result: yes
configure:3922: checking for string.h
configure:3922: g++ -c -g -O2 -std=c++0x  conftest.cpp >&5
configure:3922: $? = 0
configure:3922: result: yes
configure:3922: checking for memory.h
configure:3922: g++ -c -g -O2 -std=c++0x  conftest.cpp >&5
configure:3922: $? = 0
configure:3922: result: yes
configure:3922: checking for strings.h
configure:3922: g++ -c -g -O2 -std=c++0x  conftest.cpp >&5
configure:3922: $? = 0
configure:3922: result: yes
configure:3922: checking for inttypes.h
configure:3922: g++ -c -g -O2 -std=c++0x  conftest.cpp >&5
configure:3922: $? = 0
configure:3922: result: yes
configure:3922: checking for stdint.h
configure:3922: g++ -c -g -O2 -std=c++0x  conftest.cpp >&5
configure:3922: $? = 0
configure:3922: result: yes
configure:3922: checking for unistd.h
configure:3922: g++ -c -g -O2 -std=c++0x  conftest.cpp >&5
configure:3922: $? = 0
configure:3922: result: yes
configure:3937: checking fcntl.h usability
configure:3937: g++ -c -g -O2 -std=c++0x  conftest.cpp >&5
configure:3937: $? = 0
configure:3937: result: yes
configure:3937: checking fcntl.h presence
configure:3937: g++ -E  conftest.cpp
configure:3937: $? = 0
configure:3937: result: yes
configure:3937: checking for fcntl.h
configure:3937: result: yes
configure:3937: checking for inttypes.h
configure:3937: result: yes
configure:3937: checking for stdint.h
configure:3937: result: yes
configure:3937: checking for stdlib.h
configure:3937: result: yes
configure:3937: checking for string.h
configure:3937: result: yes
configure:3937: checking termios.h usability
configure:3937: g++ -c -g -O2 -std=c++0x  conftest.cpp >&5
configure:3937: $? = 0
configure:3937: result: yes
configure:3937: checking termios.h presence
configure:3937: g++ -E  conftest.cpp
configure:3937: $? = 0
configure:3937: result: yes
configure:3937: checking for termios.h
configure:3937: result: yes
configure:3937: checking for unistd.h
configure:3937: result: yes
configure:3949: checking for stdbool.h that conforms to C99
configure:4016: g++ -c -g -O2 -std=c++0x  conftest.cpp >&5
configure:4016: $? = 0
configure:4023: result: yes
configure:4025: checking for _Bool
configure:4025: g++ -c -g -O2 -std=c++0x  conftest.cpp >&5
conftest.cpp: In function 'int main()':
conftest.cpp:64:13: error: '_Bool' was not declared in this scope
 if (sizeof (_Bool))
             ^
configure:4025: $? = 1
configure: failed program was:
| /* confdefs.h */
| #define PACKAGE_NAME "ergo"
| #define PACKAGE_TARNAME "ergo"
| #define PACKAGE_VERSION "0.1"
| #define PACKAGE_STRING "ergo 0.1"
| #define PACKAGE_BUGREPORT "matthew.d.weger@gmail.com"
| #define PACKAGE_URL ""
| #define PACKAGE "ergo"
| #define VERSION "0.1"
| #define STDC_HEADERS 1
| #define HAVE_SYS_TYPES_H 1
| #define HAVE_SYS_STAT_H 1
| #define HAVE_STDLIB_H 1
| #define HAVE_STRING_H 1
| #define HAVE_MEMORY_H 1
| #define HAVE_STRINGS_H 1
| #define HAVE_INTTYPES_H 1
| #define HAVE_STDINT_H 1
| #define HAVE_UNISTD_H 1
| #define HAVE_FCNTL_H 1
| #define HAVE_INTTYPES_H 1
| #define HAVE_STDINT_H 1
| #define HAVE_STDLIB_H 1
| #define HAVE_STRING_H 1
| #define HAVE_TERMIOS_H 1
| #define HAVE_UNISTD_H 1
| /* end confdefs.h.  */
| #include <stdio.h>
| #ifdef HAVE_SYS_TYPES_H
| # include <sys/types.h>
| #endif
| #ifdef HAVE_SYS_STAT_H
| # include <sys/stat.h>
| #endif
| #ifdef STDC_HEADERS
| # include <stdlib.h>
| # include <stddef.h>
| #else
| # ifdef HAVE_STDLIB_H
| #  include <stdlib.h>
| # endif
| #endif
| #ifdef HAVE_STRING_H
| # if !defined STDC_HEADERS && defined HAVE_MEMORY_H
| #  include <memory.h>
| # endif
| # include <string.h>
| #endif
| #ifdef HAVE_STRINGS_H
| # include <strings.h>
| #endif
| #ifdef HAVE_INTTYPES_H
| # include <inttypes.h>
| #endif
| #ifdef HAVE_STDINT_H
| # include <stdint.h>
| #endif
| #ifdef HAVE_UNISTD_H
| # include <unistd.h>
| #endif
| int
| main ()
| {
| if (sizeof (_Bool))
| 	 return 0;
|   ;
|   return 0;
| }
configure:4025: result: no
configure:4036: checking for int32_t
configure:4036: g++ -c -g -O2 -std=c++0x  conftest.cpp >&5
configure:4036: $? = 0
configure:4036: g++ -c -g -O2 -std=c++0x  conftest.cpp >&5
conftest.cpp: In function 'int main()':
conftest.cpp:66:55: warning: integer overflow in expression [-Woverflow]
    < (int32_t) (((((int32_t) 1 << N) << N) - 1) * 2 + 2))];
                                                       ^
conftest.cpp:66:58: error: size of array 'test_array' is negative
    < (int32_t) (((((int32_t) 1 << N) << N) - 1) * 2 + 2))];
                                                          ^
configure:4036: $? = 1
configure: failed program was:
| /* confdefs.h */
| #define PACKAGE_NAME "ergo"
| #define PACKAGE_TARNAME "ergo"
| #define PACKAGE_VERSION "0.1"
| #define PACKAGE_STRING "ergo 0.1"
| #define PACKAGE_BUGREPORT "matthew.d.weger@gmail.com"
| #define PACKAGE_URL ""
| #define PACKAGE "ergo"
| #define VERSION "0.1"
| #define STDC_HEADERS 1
| #define HAVE_SYS_TYPES_H 1
| #define HAVE_SYS_STAT_H 1
| #define HAVE_STDLIB_H 1
| #define HAVE_STRING_H 1
| #define HAVE_MEMORY_H 1
| #define HAVE_STRINGS_H 1
| #define HAVE_INTTYPES_H 1
| #define HAVE_STDINT_H 1
| #define HAVE_UNISTD_H 1
| #define HAVE_FCNTL_H 1
| #define HAVE_INTTYPES_H 1
| #define HAVE_STDINT_H 1
| #define HAVE_STDLIB_H 1
| #define HAVE_STRING_H 1
| #define HAVE_TERMIOS_H 1
| #define HAVE_UNISTD_H 1
| /* end confdefs.h.  */
| #include <stdio.h>
| #ifdef HAVE_SYS_TYPES_H
| # include <sys/types.h>
| #endif
| #ifdef HAVE_SYS_STAT_H
| # include <sys/stat.h>
| #endif
| #ifdef STDC_HEADERS
| # include <stdlib.h>
| # include <stddef.h>
| #else
| # ifdef HAVE_STDLIB_H
| #  include <stdlib.h>
| # endif
| #endif
| #ifdef HAVE_STRING_H
| # if !defined STDC_HEADERS && defined HAVE_MEMORY_H
| #  include <memory.h>
| # endif
| # include <string.h>
| #endif
| #ifdef HAVE_STRINGS_H
| # include <strings.h>
| #endif
| #ifdef HAVE_INTTYPES_H
| # include <inttypes.h>
| #endif
| #ifdef HAVE_STDINT_H
| # include <stdint.h>
| #endif
| #ifdef HAVE_UNISTD_H
| # include <unistd.h>
| #endif
| 	        enum { N = 32 / 2 - 1 };
| int
| main ()
| {
| static int test_array [1 - 2 * !((int32_t) (((((int32_t) 1 << N) << N) - 1) * 2 + 1)
| 		 < (int32_t) (((((int32_t) 1 << N) << N) - 1) * 2 + 2))];
| test_array [0] = 0;
| return test_array [0];
| 
|   ;
|   return 0;
| }
configure:4036: result: yes
configure:4047: checking for size_t
configure:4047: g++ -c -g -O2 -std=c++0x  conftest.cpp >&5
configure:4047: $? = 0
configure:4047: g++ -c -g -O2 -std=c++0x  conftest.cpp >&5
conftest.cpp: In function 'int main()':
conftest.cpp:64:20: error: expected primary-expression before ')' token
 if (sizeof ((size_t)))
                    ^
configure:4047: $? = 1
configure: failed program was:
| /* confdefs.h */
| #define PACKAGE_NAME "ergo"
| #define PACKAGE_TARNAME "ergo"
| #define PACKAGE_VERSION "0.1"
| #define PACKAGE_STRING "ergo 0.1"
| #define PACKAGE_BUGREPORT "matthew.d.weger@gmail.com"
| #define PACKAGE_URL ""
| #define PACKAGE "ergo"
| #define VERSION "0.1"
| #define STDC_HEADERS 1
| #define HAVE_SYS_TYPES_H 1
| #define HAVE_SYS_STAT_H 1
| #define HAVE_STDLIB_H 1
| #define HAVE_STRING_H 1
| #define HAVE_MEMORY_H 1
| #define HAVE_STRINGS_H 1
| #define HAVE_INTTYPES_H 1
| #define HAVE_STDINT_H 1
| #define HAVE_UNISTD_H 1
| #define HAVE_FCNTL_H 1
| #define HAVE_INTTYPES_H 1
| #define HAVE_STDINT_H 1
| #define HAVE_STDLIB_H 1
| #define HAVE_STRING_H 1
| #define HAVE_TERMIOS_H 1
| #define HAVE_UNISTD_H 1
| /* end confdefs.h.  */
| #include <stdio.h>
| #ifdef HAVE_SYS_TYPES_H
| # include <sys/types.h>
| #endif
| #ifdef HAVE_SYS_STAT_H
| # include <sys/stat.h>
| #endif
| #ifdef STDC_HEADERS
| # include <stdlib.h>
| # include <stddef.h>
| #else
| # ifdef HAVE_STDLIB_H
| #  include <stdlib.h>
| # endif
| #endif
| #ifdef HAVE_STRING_H
| # if !defined STDC_HEADERS && defined HAVE_MEMORY_H
| #  include <memory.h>
| # endif
| # include <string.h>
| #endif
| #ifdef HAVE_STRINGS_H
| # include <strings.h>
| #endif
| #ifdef HAVE_INTTYPES_H
| # include <inttypes.h>
| #endif
| #ifdef HAVE_STDINT_H
| # include <stdint.h>
| #endif
| #ifdef HAVE_UNISTD_H
| # include <unistd.h>
| #endif
| int
| main ()
| {
| if (sizeof ((size_t)))
| 	    return 0;
|   ;
|   return 0;
| }
configure:4047: result: yes
configure:4058: checking for ssize_t
configure:4058: g++ -c -g -O2 -std=c++0x  conftest.cpp >&5
configure:4058: $? = 0
configure:4058: g++ -c -g -O2 -std=c++0x  conftest.cpp >&5
conftest.cpp: In function 'int main()':
conftest.cpp:64:21: error: expected primary-expression before ')' token
 if (sizeof ((ssize_t)))
                     ^
configure:4058: $? = 1
configure: failed program was:
| /* confdefs.h */
| #define PACKAGE_NAME "ergo"
| #define PACKAGE_TARNAME "ergo"
| #define PACKAGE_VERSION "0.1"
| #define PACKAGE_STRING "ergo 0.1"
| #define PACKAGE_BUGREPORT "matthew.d.weger@gmail.com"
| #define PACKAGE_URL ""
| #define PACKAGE "ergo"
| #define VERSION "0.1"
| #define STDC_HEADERS 1
| #define HAVE_SYS_TYPES_H 1
| #define HAVE_SYS_STAT_H 1
| #define HAVE_STDLIB_H 1
| #define HAVE_STRING_H 1
| #define HAVE_MEMORY_H 1
| #define HAVE_STRINGS_H 1
| #define HAVE_INTTYPES_H 1
| #define HAVE_STDINT_H 1
| #define HAVE_UNISTD_H 1
| #define HAVE_FCNTL_H 1
| #define HAVE_INTTYPES_H 1
| #define HAVE_STDINT_H 1
| #define HAVE_STDLIB_H 1
| #define HAVE_STRING_H 1
| #define HAVE_TERMIOS_H 1
| #define HAVE_UNISTD_H 1
| /* end confdefs.h.  */
| #include <stdio.h>
| #ifdef HAVE_SYS_TYPES_H
| # include <sys/types.h>
| #endif
| #ifdef HAVE_SYS_STAT_H
| # include <sys/stat.h>
| #endif
| #ifdef STDC_HEADERS
| # include <stdlib.h>
| # include <stddef.h>
| #else
| # ifdef HAVE_STDLIB_H
| #  include <stdlib.h>
| # endif
| #endif
| #ifdef HAVE_STRING_H
| # if !defined STDC_HEADERS && defined HAVE_MEMORY_H
| #  include <memory.h>
| # endif
| # include <string.h>
| #endif
| #ifdef HAVE_STRINGS_H
| # include <strings.h>
| #endif
| #ifdef HAVE_INTTYPES_H
| # include <inttypes.h>
| #endif
| #ifdef HAVE_STDINT_H
| # include <stdint.h>
| #endif
| #ifdef HAVE_UNISTD_H
| # include <unistd.h>
| #endif
| int
| main ()
| {
| if (sizeof ((ssize_t)))
| 	    return 0;
|   ;
|   return 0;
| }
configure:4058: result: yes
configure:4069: checking for uint8_t
configure:4069: g++ -c -g -O2 -std=c++0x  conftest.cpp >&5
configure:4069: $? = 0
configure:4069: result: yes
configure:4087: checking for memset
configure:4087: g++ -o conftest -g -O2 -std=c++0x   conftest.cpp  >&5
configure:4087: $? = 0
configure:4087: result: yes
configure:4229: creating ./config.status

## ---------------------- ##
## Running config.status. ##
## ---------------------- ##

This file was extended by ergo config.status 0.1, which was
generated by GNU Autoconf 2.69.  Invocation command line was

  CONFIG_FILES    = 
  CONFIG_HEADERS  = 
  CONFIG_LINKS    = 
  CONFIG_COMMANDS = 
  $ ./config.status 

on raspberry-pi

config.status:857: creating Makefile
config.status:857: creating src/Makefile
config.status:857: creating config.h
config.status:1086: executing depfiles commands
configure:5544: WARNING: unrecognized options: --disable-maintainer-mode

## ---------------- ##
## Cache variables. ##
## ---------------- ##

ac_cv_c_int32_t=yes
ac_cv_c_uint8_t=yes
ac_cv_cxx_compiler_gnu=yes
ac_cv_env_CCC_set=
ac_cv_env_CCC_value=
ac_cv_env_CPPFLAGS_set=
ac_cv_env_CPPFLAGS_value=
ac_cv_env_CXXCPP_set=
ac_cv_env_CXXCPP_value=
ac_cv_env_CXXFLAGS_set=
ac_cv_env_CXXFLAGS_value=
ac_cv_env_CXX_set=
ac_cv_env_CXX_value=
ac_cv_env_LDFLAGS_set=
ac_cv_env_LDFLAGS_value=
ac_cv_env_LIBS_set=
ac_cv_env_LIBS_value=
ac_cv_env_build_alias_set=set
ac_cv_env_build_alias_value=arm-linux-gnueabihf
ac_cv_env_host_alias_set=
ac_cv_env_host_alias_value=
ac_cv_env_target_alias_set=
ac_cv_env_target_alias_value=
ac_cv_func_memset=yes
ac_cv_header_fcntl_h=yes
ac_cv_header_inttypes_h=yes
ac_cv_header_memory_h=yes
ac_cv_header_stdbool_h=yes
ac_cv_header_stdc=yes
ac_cv_header_stdint_h=yes
ac_cv_header_stdlib_h=yes
ac_cv_header_string_h=yes
ac_cv_header_strings_h=yes
ac_cv_header_sys_stat_h=yes
ac_cv_header_sys_types_h=yes
ac_cv_header_termios_h=yes
ac_cv_header_unistd_h=yes
ac_cv_objext=o
ac_cv_path_EGREP='/bin/grep -E'
ac_cv_path_GREP=/bin/grep
ac_cv_path_install='/usr/bin/install -c'
ac_cv_path_mkdir=/bin/mkdir
ac_cv_prog_AWK=gawk
ac_cv_prog_CXXCPP='g++ -E'
ac_cv_prog_ac_ct_CXX=g++
ac_cv_prog_cxx_g=yes
ac_cv_prog_make_make_set=yes
ac_cv_type__Bool=no
ac_cv_type_size_t=yes
ac_cv_type_ssize_t=yes
am_cv_CXX_dependencies_compiler_type=none

## ----------------- ##
## Output variables. ##
## ----------------- ##

ACLOCAL='${SHELL} /root/ergo-0.0-1/missing --run aclocal-1.11'
AMDEPBACKSLASH=''
AMDEP_FALSE=''
AMDEP_TRUE='#'
AMTAR='$${TAR-tar}'
AUTOCONF='${SHELL} /root/ergo-0.0-1/missing --run autoconf'
AUTOHEADER='${SHELL} /root/ergo-0.0-1/missing --run autoheader'
AUTOMAKE='${SHELL} /root/ergo-0.0-1/missing --run automake-1.11'
AWK='gawk'
CPPFLAGS=''
CXX='g++'
CXXCPP='g++ -E'
CXXDEPMODE='depmode=none'
CXXFLAGS='-g -O2 -std=c++0x'
CYGPATH_W='echo'
DEFS='-DHAVE_CONFIG_H'
DEPDIR='.deps'
ECHO_C=''
ECHO_N='-n'
ECHO_T=''
EGREP='/bin/grep -E'
EXEEXT=''
GREP='/bin/grep'
INSTALL_DATA='${INSTALL} -m 644'
INSTALL_PROGRAM='${INSTALL}'
INSTALL_SCRIPT='${INSTALL}'
INSTALL_STRIP_PROGRAM='$(install_sh) -c -s'
LDFLAGS=''
LIBOBJS=''
LIBS=''
LTLIBOBJS=''
MAKEINFO='${SHELL} /root/ergo-0.0-1/missing --run makeinfo'
MKDIR_P='/bin/mkdir -p'
OBJEXT='o'
PACKAGE='ergo'
PACKAGE_BUGREPORT='matthew.d.weger@gmail.com'
PACKAGE_NAME='ergo'
PACKAGE_STRING='ergo 0.1'
PACKAGE_TARNAME='ergo'
PACKAGE_URL=''
PACKAGE_VERSION='0.1'
PATH_SEPARATOR=':'
SET_MAKE=''
SHELL='/bin/bash'
STRIP=''
VERSION='0.1'
ac_ct_CXX='g++'
am__EXEEXT_FALSE=''
am__EXEEXT_TRUE='#'
am__fastdepCXX_FALSE=''
am__fastdepCXX_TRUE='#'
am__include='include'
am__isrc=''
am__leading_dot='.'
am__nodep=''
am__quote=''
am__tar='$${TAR-tar} chof - "$$tardir"'
am__untar='$${TAR-tar} xf -'
bindir='${exec_prefix}/bin'
build_alias='arm-linux-gnueabihf'
datadir='${datarootdir}'
datarootdir='${prefix}/share'
docdir='${datarootdir}/doc/${PACKAGE_TARNAME}'
dvidir='${docdir}'
exec_prefix='${prefix}'
host_alias=''
htmldir='${docdir}'
includedir='${prefix}/include'
infodir='${prefix}/share/info'
install_sh='${SHELL} /root/ergo-0.0-1/install-sh'
libdir='${exec_prefix}/lib'
libexecdir='${prefix}/lib/ergo'
localedir='${datarootdir}/locale'
localstatedir='/var'
mandir='${prefix}/share/man'
mkdir_p='/bin/mkdir -p'
oldincludedir='/usr/include'
pdfdir='${docdir}'
prefix='/usr'
program_transform_name='s,x,x,'
psdir='${docdir}'
sbindir='${exec_prefix}/sbin'
sharedstatedir='${prefix}/com'
sysconfdir='/etc'
target_alias=''

## ----------- ##
## confdefs.h. ##
## ----------- ##

/* confdefs.h */
#define PACKAGE_NAME "ergo"
#define PACKAGE_TARNAME "ergo"
#define PACKAGE_VERSION "0.1"
#define PACKAGE_STRING "ergo 0.1"
#define PACKAGE_BUGREPORT "matthew.d.weger@gmail.com"
#define PACKAGE_URL ""
#define PACKAGE "ergo"
#define VERSION "0.1"
#define STDC_HEADERS 1
#define HAVE_SYS_TYPES_H 1
#define HAVE_SYS_STAT_H 1
#define HAVE_STDLIB_H 1
#define HAVE_STRING_H 1
#define HAVE_MEMORY_H 1
#define HAVE_STRINGS_H 1
#define HAVE_INTTYPES_H 1
#define HAVE_STDINT_H 1
#define HAVE_UNISTD_H 1
#define HAVE_FCNTL_H 1
#define HAVE_INTTYPES_H 1
#define HAVE_STDINT_H 1
#define HAVE_STDLIB_H 1
#define HAVE_STRING_H 1
#define HAVE_TERMIOS_H 1
#define HAVE_UNISTD_H 1
#define HAVE_MEMSET 1

configure: exit 0

## ---------------------- ##
## Running config.status. ##
## ---------------------- ##

This file was extended by ergo config.status 0.1, which was
generated by GNU Autoconf 2.69.  Invocation command line was

  CONFIG_FILES    = 
  CONFIG_HEADERS  = 
  CONFIG_LINKS    = 
  CONFIG_COMMANDS = 
  $ ./config.status src/Makefile depfiles

on raspberry-pi

config.status:857: creating src/Makefile
config.status:1086: executing depfiles commands

## ---------------------- ##
## Running config.status. ##
## ---------------------- ##

This file was extended by ergo config.status 0.1, which was
generated by GNU Autoconf 2.69.  Invocation command line was

  CONFIG_FILES    = 
  CONFIG_HEADERS  = 
  CONFIG_LINKS    = 
  CONFIG_COMMANDS = 
  $ ./config.status Makefile

on raspberry-pi

config.status:857: creating Makefile
